<?xml version="1.0" encoding="UTF-8"?>
<!-- Generated by org.testng.reporters.JUnitXMLReporter -->
<testsuite hostname="D-113154198" name="TestNg-TestName" tests="6" failures="0" timestamp="5 Jan 2018 11:23:20 GMT" time="0.06" errors="0">
  <testcase name="AtestCase1" time="0.007" classname="PracticeTestNG.TestNG_Annotation1"/>
  <testcase name="AtestCase3" time="0.002" classname="PracticeTestNG.TestNG_Annotation1"/>
  <testcase name="AtestCase2" time="0.002" classname="PracticeTestNG.TestNG_Annotation1"/>
  <testcase name="BtestCase2" time="0.001" classname="PracticeTestNG.TestNG_Annotation2"/>
  <testcase name="BtestCase1" time="0.002" classname="PracticeTestNG.TestNG_Annotation2"/>
  <testcase name="BtestCase3" time="0.001" classname="PracticeTestNG.TestNG_Annotation2"/>
</testsuite> <!-- TestNg-TestName -->
