<?xml version="1.0" encoding="UTF-8"?>
<testng-results skipped="0" failed="0" total="6" passed="6">
  <reporter-output>
    <line>
      <![CDATA[A - in beforeClass | Successful |]]>
    </line>
    <line>
      <![CDATA[A - in afterClass | Successful |]]>
    </line>
    <line>
      <![CDATA[A - in test case 1 | Successful |]]>
    </line>
    <line>
      <![CDATA[A - in afterClass | Successful |]]>
    </line>
    <line>
      <![CDATA[A - in test case 3 | Successful |]]>
    </line>
    <line>
      <![CDATA[A - in afterClass | Successful |]]>
    </line>
    <line>
      <![CDATA[A - in test case 2 | Successful |]]>
    </line>
  </reporter-output>
  <suite name="TestNg-SuiteName" duration-ms="60" started-at="2018-01-05T11:23:20Z" finished-at="2018-01-05T11:23:20Z">
    <groups>
    </groups>
    <test name="TestNg-TestName" duration-ms="60" started-at="2018-01-05T11:23:20Z" finished-at="2018-01-05T11:23:20Z">
      <class name="PracticeTestNG.TestNG_Annotation2">
        <test-method status="PASS" signature="beforeClass()[pri:0, instance:PracticeTestNG.TestNG_Annotation2@c818063]" name="beforeClass" is-config="true" duration-ms="1" started-at="2018-01-05T16:53:20Z" finished-at="2018-01-05T16:53:20Z">
          <reporter-output>
          </reporter-output>
        </test-method> <!-- beforeClass -->
        <test-method status="PASS" signature="BtestCase2()[pri:0, instance:PracticeTestNG.TestNG_Annotation2@c818063]" name="BtestCase2" duration-ms="1" started-at="2018-01-05T16:53:20Z" finished-at="2018-01-05T16:53:20Z">
          <reporter-output>
          </reporter-output>
        </test-method> <!-- BtestCase2 -->
        <test-method status="PASS" signature="beforeMethod()[pri:0, instance:PracticeTestNG.TestNG_Annotation2@c818063]" name="beforeMethod" is-config="true" duration-ms="0" started-at="2018-01-05T16:53:20Z" finished-at="2018-01-05T16:53:20Z">
          <reporter-output>
          </reporter-output>
        </test-method> <!-- beforeMethod -->
        <test-method status="PASS" signature="afterMethod()[pri:0, instance:PracticeTestNG.TestNG_Annotation2@c818063]" name="afterMethod" is-config="true" duration-ms="0" started-at="2018-01-05T16:53:20Z" finished-at="2018-01-05T16:53:20Z">
          <reporter-output>
          </reporter-output>
        </test-method> <!-- afterMethod -->
        <test-method status="PASS" signature="BtestCase1()[pri:0, instance:PracticeTestNG.TestNG_Annotation2@c818063]" name="BtestCase1" duration-ms="2" started-at="2018-01-05T16:53:20Z" finished-at="2018-01-05T16:53:20Z">
          <reporter-output>
          </reporter-output>
        </test-method> <!-- BtestCase1 -->
        <test-method status="PASS" signature="beforeMethod()[pri:0, instance:PracticeTestNG.TestNG_Annotation2@c818063]" name="beforeMethod" is-config="true" duration-ms="0" started-at="2018-01-05T16:53:20Z" finished-at="2018-01-05T16:53:20Z">
          <reporter-output>
          </reporter-output>
        </test-method> <!-- beforeMethod -->
        <test-method status="PASS" signature="afterMethod()[pri:0, instance:PracticeTestNG.TestNG_Annotation2@c818063]" name="afterMethod" is-config="true" duration-ms="0" started-at="2018-01-05T16:53:20Z" finished-at="2018-01-05T16:53:20Z">
          <reporter-output>
          </reporter-output>
        </test-method> <!-- afterMethod -->
        <test-method status="PASS" signature="beforeMethod()[pri:0, instance:PracticeTestNG.TestNG_Annotation2@c818063]" name="beforeMethod" is-config="true" duration-ms="1" started-at="2018-01-05T16:53:20Z" finished-at="2018-01-05T16:53:20Z">
          <reporter-output>
          </reporter-output>
        </test-method> <!-- beforeMethod -->
        <test-method status="PASS" signature="BtestCase3()[pri:0, instance:PracticeTestNG.TestNG_Annotation2@c818063]" name="BtestCase3" duration-ms="1" started-at="2018-01-05T16:53:20Z" finished-at="2018-01-05T16:53:20Z">
          <reporter-output>
          </reporter-output>
        </test-method> <!-- BtestCase3 -->
        <test-method status="PASS" signature="afterMethod()[pri:0, instance:PracticeTestNG.TestNG_Annotation2@c818063]" name="afterMethod" is-config="true" duration-ms="1" started-at="2018-01-05T16:53:20Z" finished-at="2018-01-05T16:53:20Z">
          <reporter-output>
          </reporter-output>
        </test-method> <!-- afterMethod -->
        <test-method status="PASS" signature="afterClass()[pri:0, instance:PracticeTestNG.TestNG_Annotation2@c818063]" name="afterClass" is-config="true" duration-ms="0" started-at="2018-01-05T16:53:20Z" finished-at="2018-01-05T16:53:20Z">
          <reporter-output>
          </reporter-output>
        </test-method> <!-- afterClass -->
      </class> <!-- PracticeTestNG.TestNG_Annotation2 -->
      <class name="PracticeTestNG.TestNG_Annotation1">
        <test-method status="PASS" signature="beforeTest()[pri:0, instance:PracticeTestNG.TestNG_Annotation1@5a01ccaa]" name="beforeTest" is-config="true" duration-ms="9" started-at="2018-01-05T16:53:20Z" finished-at="2018-01-05T16:53:20Z">
          <reporter-output>
          </reporter-output>
        </test-method> <!-- beforeTest -->
        <test-method status="PASS" signature="beforeTest()[pri:0, instance:PracticeTestNG.TestNG_Annotation2@c818063]" name="beforeTest" is-config="true" duration-ms="1" started-at="2018-01-05T16:53:20Z" finished-at="2018-01-05T16:53:20Z">
          <reporter-output>
          </reporter-output>
        </test-method> <!-- beforeTest -->
        <test-method status="PASS" signature="beforeClass()[pri:0, instance:PracticeTestNG.TestNG_Annotation1@5a01ccaa]" name="beforeClass" is-config="true" duration-ms="0" started-at="2018-01-05T16:53:20Z" finished-at="2018-01-05T16:53:20Z">
          <reporter-output>
            <line>
              <![CDATA[A - in beforeClass | Successful |]]>
            </line>
          </reporter-output>
        </test-method> <!-- beforeClass -->
        <test-method status="PASS" signature="beforeMethod()[pri:0, instance:PracticeTestNG.TestNG_Annotation1@5a01ccaa]" name="beforeMethod" is-config="true" duration-ms="0" started-at="2018-01-05T16:53:20Z" finished-at="2018-01-05T16:53:20Z">
          <reporter-output>
            <line>
              <![CDATA[A - in afterClass | Successful |]]>
            </line>
          </reporter-output>
        </test-method> <!-- beforeMethod -->
        <test-method status="PASS" signature="AtestCase1()[pri:0, instance:PracticeTestNG.TestNG_Annotation1@5a01ccaa]" name="AtestCase1" duration-ms="7" started-at="2018-01-05T16:53:20Z" finished-at="2018-01-05T16:53:20Z">
          <reporter-output>
            <line>
              <![CDATA[A - in test case 1 | Successful |]]>
            </line>
          </reporter-output>
        </test-method> <!-- AtestCase1 -->
        <test-method status="PASS" signature="afterMethod()[pri:0, instance:PracticeTestNG.TestNG_Annotation1@5a01ccaa]" name="afterMethod" is-config="true" duration-ms="1" started-at="2018-01-05T16:53:20Z" finished-at="2018-01-05T16:53:20Z">
          <reporter-output>
          </reporter-output>
        </test-method> <!-- afterMethod -->
        <test-method status="PASS" signature="beforeMethod()[pri:0, instance:PracticeTestNG.TestNG_Annotation1@5a01ccaa]" name="beforeMethod" is-config="true" duration-ms="0" started-at="2018-01-05T16:53:20Z" finished-at="2018-01-05T16:53:20Z">
          <reporter-output>
            <line>
              <![CDATA[A - in afterClass | Successful |]]>
            </line>
          </reporter-output>
        </test-method> <!-- beforeMethod -->
        <test-method status="PASS" signature="AtestCase3()[pri:0, instance:PracticeTestNG.TestNG_Annotation1@5a01ccaa]" name="AtestCase3" duration-ms="2" started-at="2018-01-05T16:53:20Z" finished-at="2018-01-05T16:53:20Z">
          <reporter-output>
            <line>
              <![CDATA[A - in test case 3 | Successful |]]>
            </line>
          </reporter-output>
        </test-method> <!-- AtestCase3 -->
        <test-method status="PASS" signature="afterMethod()[pri:0, instance:PracticeTestNG.TestNG_Annotation1@5a01ccaa]" name="afterMethod" is-config="true" duration-ms="1" started-at="2018-01-05T16:53:20Z" finished-at="2018-01-05T16:53:20Z">
          <reporter-output>
          </reporter-output>
        </test-method> <!-- afterMethod -->
        <test-method status="PASS" signature="beforeMethod()[pri:0, instance:PracticeTestNG.TestNG_Annotation1@5a01ccaa]" name="beforeMethod" is-config="true" duration-ms="1" started-at="2018-01-05T16:53:20Z" finished-at="2018-01-05T16:53:20Z">
          <reporter-output>
            <line>
              <![CDATA[A - in afterClass | Successful |]]>
            </line>
          </reporter-output>
        </test-method> <!-- beforeMethod -->
        <test-method status="PASS" signature="AtestCase2()[pri:0, instance:PracticeTestNG.TestNG_Annotation1@5a01ccaa]" name="AtestCase2" duration-ms="2" started-at="2018-01-05T16:53:20Z" finished-at="2018-01-05T16:53:20Z">
          <reporter-output>
            <line>
              <![CDATA[A - in test case 2 | Successful |]]>
            </line>
          </reporter-output>
        </test-method> <!-- AtestCase2 -->
        <test-method status="PASS" signature="afterClass()[pri:0, instance:PracticeTestNG.TestNG_Annotation1@5a01ccaa]" name="afterClass" is-config="true" duration-ms="0" started-at="2018-01-05T16:53:20Z" finished-at="2018-01-05T16:53:20Z">
          <reporter-output>
          </reporter-output>
        </test-method> <!-- afterClass -->
        <test-method status="PASS" signature="afterMethod()[pri:0, instance:PracticeTestNG.TestNG_Annotation1@5a01ccaa]" name="afterMethod" is-config="true" duration-ms="0" started-at="2018-01-05T16:53:20Z" finished-at="2018-01-05T16:53:20Z">
          <reporter-output>
          </reporter-output>
        </test-method> <!-- afterMethod -->
        <test-method status="PASS" signature="afterTest()[pri:0, instance:PracticeTestNG.TestNG_Annotation2@c818063]" name="afterTest" is-config="true" duration-ms="1" started-at="2018-01-05T16:53:20Z" finished-at="2018-01-05T16:53:20Z">
          <reporter-output>
          </reporter-output>
        </test-method> <!-- afterTest -->
        <test-method status="PASS" signature="afterTest()[pri:0, instance:PracticeTestNG.TestNG_Annotation1@5a01ccaa]" name="afterTest" is-config="true" duration-ms="0" started-at="2018-01-05T16:53:20Z" finished-at="2018-01-05T16:53:20Z">
          <reporter-output>
          </reporter-output>
        </test-method> <!-- afterTest -->
      </class> <!-- PracticeTestNG.TestNG_Annotation1 -->
    </test> <!-- TestNg-TestName -->
  </suite> <!-- TestNg-SuiteName -->
</testng-results>
